<?xml version="1.0" encoding="UTF-8"?>
<!-- Generated by org.testng.reporters.JUnitReportReporter -->
<testsuite hostname="Harrier-vaio" name="com.goveva.qa.testcases.LoginPageTest" tests="2" failures="0" timestamp="26 Feb 2019 13:56:03 GMT" time="51.697" errors="0">
  <testcase name="LoginTest" time="27.885" classname="com.goveva.qa.testcases.LoginPageTest"/>
  <testcase name="LogInTitleTest" time="23.812" classname="com.goveva.qa.testcases.LoginPageTest"/>
</testsuite> <!-- com.goveva.qa.testcases.LoginPageTest -->
